[2023-04-19T19:26:07.135Z] Executing (default): SELECT TABLE_NAME FROM INFORMATION_SCHEMA.TABLES WHERE TABLE_TYPE = 'BASE TABLE' AND TABLE_NAME = 'ongs' AND TABLE_SCHEMA = 'ong_db'
[2023-04-19T19:26:07.192Z] Executing (default): CREATE TABLE IF NOT EXISTS `ongs` (`id` INTEGER NOT NULL auto_increment , `cnpj` VARCHAR(255) NOT NULL UNIQUE, `nome` VARCHAR(255) NOT NULL, `tipo` VARCHAR(255) NOT NULL, `data_criacao` DATETIME NOT NULL, `createdAt` DATETIME NOT NULL, `updatedAt` DATETIME NOT NULL, PRIMARY KEY (`id`)) ENGINE=InnoDB;
[2023-04-19T19:26:07.541Z] Executing (default): SHOW INDEX FROM `ongs`
[2023-04-19T19:26:07.618Z] Executing (default): SELECT TABLE_NAME FROM INFORMATION_SCHEMA.TABLES WHERE TABLE_TYPE = 'BASE TABLE' AND TABLE_NAME = 'doacoes' AND TABLE_SCHEMA = 'ong_db'
[2023-04-19T19:26:07.633Z] Executing (default): CREATE TABLE IF NOT EXISTS `doacoes` (`id` INTEGER NOT NULL auto_increment , `doador` VARCHAR(255) NOT NULL, `valor` NUMBER NOT NULL, `createdAt` DATETIME NOT NULL, `updatedAt` DATETIME NOT NULL, `ongId` INTEGER, PRIMARY KEY (`id`), FOREIGN KEY (`ongId`) REFERENCES `ongs` (`id`) ON DELETE SET NULL ON UPDATE CASCADE) ENGINE=InnoDB;
[2023-04-19T19:32:55.397Z] Executing (default): SELECT TABLE_NAME FROM INFORMATION_SCHEMA.TABLES WHERE TABLE_TYPE = 'BASE TABLE' AND TABLE_NAME = 'ongs' AND TABLE_SCHEMA = 'ong_db'
[2023-04-19T19:32:55.438Z] Executing (default): SHOW INDEX FROM `ongs`
[2023-04-19T19:32:55.492Z] Executing (default): SELECT TABLE_NAME FROM INFORMATION_SCHEMA.TABLES WHERE TABLE_TYPE = 'BASE TABLE' AND TABLE_NAME = 'doacoes' AND TABLE_SCHEMA = 'ong_db'
[2023-04-19T19:32:55.540Z] Executing (default): CREATE TABLE IF NOT EXISTS `doacoes` (`id` INTEGER NOT NULL auto_increment , `doador` VARCHAR(255) NOT NULL, `valor` NUMBER NOT NULL, `createdAt` DATETIME NOT NULL, `updatedAt` DATETIME NOT NULL, `ongId` INTEGER, PRIMARY KEY (`id`), FOREIGN KEY (`ongId`) REFERENCES `ongs` (`id`) ON DELETE SET NULL ON UPDATE CASCADE) ENGINE=InnoDB;
[2023-04-19T19:34:20.366Z] Executing (default): SELECT TABLE_NAME FROM INFORMATION_SCHEMA.TABLES WHERE TABLE_TYPE = 'BASE TABLE' AND TABLE_NAME = 'ongs' AND TABLE_SCHEMA = 'ong_db'
[2023-04-19T19:34:20.411Z] Executing (default): SHOW INDEX FROM `ongs`
[2023-04-19T19:34:20.660Z] Executing (default): SELECT TABLE_NAME FROM INFORMATION_SCHEMA.TABLES WHERE TABLE_TYPE = 'BASE TABLE' AND TABLE_NAME = 'doacoes' AND TABLE_SCHEMA = 'ong_db'
[2023-04-19T19:34:20.685Z] Executing (default): CREATE TABLE IF NOT EXISTS `doacoes` (`id` INTEGER NOT NULL auto_increment , `doador` VARCHAR(255) NOT NULL, `valor` NUMBER NOT NULL, `createdAt` DATETIME NOT NULL, `updatedAt` DATETIME NOT NULL, `ongId` INTEGER, PRIMARY KEY (`id`), FOREIGN KEY (`ongId`) REFERENCES `ongs` (`id`) ON DELETE SET NULL ON UPDATE CASCADE) ENGINE=InnoDB;
[2023-04-19T19:40:13.066Z] Executing (default): SELECT TABLE_NAME FROM INFORMATION_SCHEMA.TABLES WHERE TABLE_TYPE = 'BASE TABLE' AND TABLE_NAME = 'ongs' AND TABLE_SCHEMA = 'ong_db'
[2023-04-19T19:40:13.101Z] Executing (default): SHOW INDEX FROM `ongs`
[2023-04-19T19:40:13.143Z] Executing (default): SELECT TABLE_NAME FROM INFORMATION_SCHEMA.TABLES WHERE TABLE_TYPE = 'BASE TABLE' AND TABLE_NAME = 'doacoes' AND TABLE_SCHEMA = 'ong_db'
[2023-04-19T19:40:13.167Z] Executing (default): CREATE TABLE IF NOT EXISTS `doacoes` (`id` INTEGER NOT NULL auto_increment , `doador` VARCHAR(255) NOT NULL, `valor` NUMBER NOT NULL, `createdAt` DATETIME NOT NULL, `updatedAt` DATETIME NOT NULL, `ongId` INTEGER, PRIMARY KEY (`id`), FOREIGN KEY (`ongId`) REFERENCES `ongs` (`id`) ON DELETE SET NULL ON UPDATE CASCADE) ENGINE=InnoDB;
[2023-04-19T19:49:11.663Z] Executing (default): SELECT TABLE_NAME FROM INFORMATION_SCHEMA.TABLES WHERE TABLE_TYPE = 'BASE TABLE' AND TABLE_NAME = 'ongs' AND TABLE_SCHEMA = 'ong_db'
[2023-04-19T19:49:11.731Z] Executing (default): SHOW INDEX FROM `ongs`
[2023-04-19T19:49:11.901Z] Executing (default): SELECT TABLE_NAME FROM INFORMATION_SCHEMA.TABLES WHERE TABLE_TYPE = 'BASE TABLE' AND TABLE_NAME = 'doacoes' AND TABLE_SCHEMA = 'ong_db'
[2023-04-19T19:49:11.924Z] Executing (default): CREATE TABLE IF NOT EXISTS `doacoes` (`id` INTEGER NOT NULL auto_increment , `doador` VARCHAR(255) NOT NULL, `valor` FLOAT NOT NULL, `createdAt` DATETIME NOT NULL, `updatedAt` DATETIME NOT NULL, `ongId` INTEGER, PRIMARY KEY (`id`), FOREIGN KEY (`ongId`) REFERENCES `ongs` (`id`) ON DELETE SET NULL ON UPDATE CASCADE) ENGINE=InnoDB;
[2023-04-19T19:49:13.033Z] Executing (default): SHOW INDEX FROM `doacoes`
